14:07:34.191 [main] INFO  - Goto my account-->Click on Login.. 
14:07:34.883 [main] INFO  - Entering email and password.. 
14:07:35.559 [main] INFO  - clicked on login button...
15:21:51.876 [main] INFO  - Goto my account-->Click on Login.. 
15:21:53.135 [main] INFO  - Entering email and password.. 
15:21:54.620 [main] INFO  - clicked on login button...
15:32:55.009 [main] INFO  - Goto my account-->Click on Login.. 
15:32:55.760 [main] INFO  - Entering email and password.. 
15:32:56.517 [main] INFO  - clicked on login button...
15:44:58.490 [main] INFO  - Goto my account-->Click on Login.. 
15:44:59.375 [main] INFO  - Entering email and password.. 
15:45:00.720 [main] INFO  - clicked on login button...
11:24:02.941 [pool-3-thread-1] INFO  - Goto my account-->Click on Login.. 
11:24:03.761 [pool-3-thread-1] INFO  - Entering email and password.. 
11:24:06.101 [pool-3-thread-1] INFO  - clicked on login button...
11:25:07.956 [main] INFO  - Goto my account-->Click on Login.. 
11:25:08.604 [main] INFO  - Entering email and password.. 
11:25:09.732 [main] INFO  - clicked on login button...
11:27:34.728 [main] INFO  - Goto my account-->Click on Login.. 
11:27:35.361 [main] INFO  - Entering email and password.. 
11:27:36.283 [main] INFO  - clicked on login button...
11:28:39.062 [pool-3-thread-1] INFO  - Goto my account-->Click on Login.. 
11:28:39.709 [pool-3-thread-1] INFO  - Entering email and password.. 
11:28:41.527 [pool-3-thread-1] INFO  - clicked on login button...
11:30:58.762 [main] INFO  - Goto my account-->Click on Login.. 
11:30:59.506 [main] INFO  - Entering email and password.. 
11:31:00.817 [main] INFO  - clicked on login button...
11:32:42.541 [main] INFO  - Goto my account-->Click on Login.. 
11:32:46.118 [main] INFO  - Entering email and password.. 
11:32:47.244 [main] INFO  - clicked on login button...
11:34:08.134 [main] INFO  - Goto my account-->Click on Login.. 
11:34:08.801 [main] INFO  - Entering email and password.. 
11:34:10.471 [main] INFO  - clicked on login button...
11:45:34.561 [main] INFO  - Goto my account-->Click on Login.. 
11:45:35.241 [main] INFO  - Entering email and password.. 
11:45:36.544 [main] INFO  - clicked on login button...
11:48:32.063 [main] INFO  - Goto my account-->Click on Login.. 
11:48:32.749 [main] INFO  - Entering email and password.. 
11:48:34.206 [main] INFO  - clicked on login button...
12:19:09.362 [main] INFO  - Goto my account-->Click on Login.. 
12:19:10.371 [main] INFO  - Entering email and password.. 
12:19:11.738 [main] INFO  - clicked on login button...
12:24:14.670 [main] INFO  - Goto my account-->Click on Login.. 
12:24:15.551 [main] INFO  - Entering email and password.. 
12:24:16.857 [main] INFO  - clicked on login button...
12:25:59.705 [main] INFO  - Goto my account-->Click on Login.. 
12:26:00.443 [main] INFO  - Entering email and password.. 
12:26:01.724 [main] INFO  - clicked on login button...
12:40:21.946 [main] INFO  - Goto my account-->Click on Login.. 
12:40:22.616 [main] INFO  - Entering email and password.. 
12:40:24.212 [main] INFO  - clicked on login button...
12:48:13.135 [main] INFO  - Goto my account-->Click on Login.. 
12:48:14.187 [main] INFO  - Entering email and password.. 
12:48:15.338 [main] INFO  - clicked on login button...
07:20:02.541 [main] INFO  - Goto my account-->Click on Login.. 
07:20:03.687 [main] INFO  - Entering email and password.. 
07:20:04.885 [main] INFO  - clicked on login button...
07:26:07.255 [main] INFO  - Goto my account-->Click on Login.. 
07:26:08.073 [main] INFO  - Entering email and password.. 
07:26:08.937 [main] INFO  - clicked on login button...
07:27:45.855 [main] INFO  - Goto my account-->Click on Login.. 
07:27:46.685 [main] INFO  - Entering email and password.. 
07:27:47.506 [main] INFO  - clicked on login button...
07:42:18.774 [main] INFO  - Goto my account-->Click on Login.. 
07:42:19.621 [main] INFO  - Entering email and password.. 
07:42:20.495 [main] INFO  - clicked on login button...
07:44:30.850 [main] INFO  - Goto my account-->Click on Login.. 
07:44:31.695 [main] INFO  - Entering email and password.. 
07:44:32.578 [main] INFO  - clicked on login button...
07:46:04.249 [main] INFO  - Goto my account-->Click on Login.. 
07:46:05.043 [main] INFO  - Entering email and password.. 
07:46:05.916 [main] INFO  - clicked on login button...
07:52:55.919 [main] INFO  - Goto my account-->Click on Login.. 
07:52:56.718 [main] INFO  - Entering email and password.. 
07:52:57.593 [main] INFO  - clicked on login button...
17:20:23.039 [main] INFO  - Goto my account-->Click on Login.. 
17:20:23.302 [main] INFO  - Entering email and password.. 
17:20:23.925 [main] INFO  - clicked on login button...
17:20:34.781 [main] INFO  - Goto my account-->Click on Login.. 
17:20:35.369 [main] INFO  - Entering email and password.. 
17:20:36.006 [main] INFO  - clicked on login button...
17:20:37.485 [main] INFO  - Goto my account-->Click on Login.. 
17:20:37.992 [main] INFO  - Entering email and password.. 
17:20:38.550 [main] INFO  - clicked on login button...
15:16:16.785 [main] INFO  - Goto my account-->Click on Login.. 
15:16:17.055 [main] INFO  - Entering email and password.. 
15:16:17.610 [main] INFO  - clicked on login button...
15:16:31.104 [main] INFO  - Goto my account-->Click on Login.. 
15:16:31.442 [main] INFO  - Entering email and password.. 
15:16:32.174 [main] INFO  - clicked on login button...
15:16:35.564 [main] INFO  - Goto my account-->Click on Login.. 
15:16:35.835 [main] INFO  - Entering email and password.. 
15:16:36.388 [main] INFO  - clicked on login button...
15:20:53.877 [main] INFO  - Goto my account-->Click on Login.. 
15:20:54.168 [main] INFO  - Entering email and password.. 
15:20:54.807 [main] INFO  - clicked on login button...
15:21:09.319 [main] INFO  - Goto my account-->Click on Login.. 
15:21:09.648 [main] INFO  - Entering email and password.. 
15:21:10.331 [main] INFO  - clicked on login button...
15:21:13.800 [main] INFO  - Goto my account-->Click on Login.. 
15:21:14.117 [main] INFO  - Entering email and password.. 
15:21:14.655 [main] INFO  - clicked on login button...
15:33:18.756 [main] INFO  - Goto my account-->Click on Login.. 
15:33:19.031 [main] INFO  - Entering email and password.. 
15:33:19.665 [main] INFO  - clicked on login button...
15:33:35.100 [main] INFO  - Goto my account-->Click on Login.. 
15:33:35.402 [main] INFO  - Entering email and password.. 
15:33:36.040 [main] INFO  - clicked on login button...
15:33:40.236 [main] INFO  - Goto my account-->Click on Login.. 
15:33:40.540 [main] INFO  - Entering email and password.. 
15:33:41.081 [main] INFO  - clicked on login button...
15:35:57.156 [main] INFO  - Goto my account-->Click on Login.. 
15:35:57.414 [main] INFO  - Entering email and password.. 
15:35:58.139 [main] INFO  - clicked on login button...
15:36:01.920 [main] INFO  - Goto my account-->Click on Login.. 
15:36:02.194 [main] INFO  - Entering email and password.. 
15:36:02.934 [main] INFO  - clicked on login button...
15:36:07.116 [main] INFO  - Goto my account-->Click on Login.. 
15:36:07.409 [main] INFO  - Entering email and password.. 
15:36:08.184 [main] INFO  - clicked on login button...
15:36:39.195 [main] INFO  - Goto my account-->Click on Login.. 
15:36:39.466 [main] INFO  - Entering email and password.. 
15:36:40.168 [main] INFO  - clicked on login button...
15:36:45.112 [main] INFO  - Goto my account-->Click on Login.. 
15:36:45.455 [main] INFO  - Entering email and password.. 
15:36:46.415 [main] INFO  - clicked on login button...
15:36:49.402 [main] INFO  - Goto my account-->Click on Login.. 
15:36:49.740 [main] INFO  - Entering email and password.. 
15:36:50.411 [main] INFO  - clicked on login button...
16:58:50.396 [main] INFO  - Goto my account-->Click on Login.. 
16:58:50.447 [main] INFO  - Goto my account-->Click on Login.. 
16:58:50.458 [main] INFO  - Goto my account-->Click on Login.. 
17:18:30.173 [main] INFO  - Goto my account-->Click on Login.. 
17:18:30.456 [main] INFO  - Entering email and password.. 
17:18:31.116 [main] INFO  - clicked on login button...
17:18:35.651 [main] INFO  - Goto my account-->Click on Login.. 
17:18:35.988 [main] INFO  - Entering email and password.. 
17:18:36.740 [main] INFO  - clicked on login button...
17:18:40.569 [main] INFO  - Goto my account-->Click on Login.. 
17:18:40.917 [main] INFO  - Entering email and password.. 
17:18:41.451 [main] INFO  - clicked on login button...
17:24:37.225 [main] INFO  - Goto my account-->Click on Login.. 
17:24:37.482 [main] INFO  - Entering email and password.. 
17:24:38.178 [main] INFO  - clicked on login button...
17:24:42.099 [main] INFO  - Goto my account-->Click on Login.. 
17:24:42.386 [main] INFO  - Entering email and password.. 
17:24:43.030 [main] INFO  - clicked on login button...
17:24:48.920 [main] INFO  - Goto my account-->Click on Login.. 
17:24:49.260 [main] INFO  - Entering email and password.. 
17:24:49.815 [main] INFO  - clicked on login button...
08:52:41.309 [main] INFO  - Goto my account-->Click on Login.. 
08:52:41.584 [main] INFO  - Entering email and password.. 
08:52:42.212 [main] INFO  - clicked on login button...
08:52:45.583 [main] INFO  - Goto my account-->Click on Login.. 
08:52:45.942 [main] INFO  - Entering email and password.. 
08:52:46.535 [main] INFO  - clicked on login button...
08:52:50.505 [main] INFO  - Goto my account-->Click on Login.. 
08:52:50.787 [main] INFO  - Entering email and password.. 
08:52:51.308 [main] INFO  - clicked on login button...
09:32:29.730 [main] INFO  - Goto my account-->Click on Login.. 
09:32:30.041 [main] INFO  - Entering email and password.. 
09:32:30.670 [main] INFO  - clicked on login button...
09:32:34.175 [main] INFO  - Goto my account-->Click on Login.. 
11:37:18.709 [main] INFO  - Goto my account-->Click on Login.. 
11:37:19.834 [main] DEBUG - Parsing relationship: /xl/_rels/workbook.xml.rels
11:37:19.850 [main] DEBUG - Parsing relationship: /xl/worksheets/_rels/sheet1.xml.rels
11:37:19.850 [main] DEBUG - Parsing relationship: /_rels/.rels
11:37:20.334 [main] TRACE - Loading type system org.apache.poi.schemas.ooxml.system.ooxml
11:37:20.341 [main] TRACE - Loading type system org.apache.xmlbeans.metadata.system.sXMLCONFIG
11:37:20.341 [main] TRACE - Loading type system org.apache.xmlbeans.metadata.system.sXMLLANG
11:37:20.341 [main] TRACE - Loading type system org.apache.xmlbeans.metadata.system.sXMLSCHEMA
11:37:20.341 [main] TRACE - Loading type system org.apache.xmlbeans.metadata.system.sXMLTOOLS
11:37:20.351 [main] TRACE - Reading unresolved handles for type system org.apache.xmlbeans.metadata.system.sXMLTOOLS
11:37:20.375 [main] TRACE - Finished loading type system org.apache.xmlbeans.metadata.system.sXMLTOOLS
11:37:20.383 [main] TRACE - Reading unresolved handles for type system org.apache.xmlbeans.metadata.system.sXMLSCHEMA
11:37:20.398 [main] TRACE - Finished loading type system org.apache.xmlbeans.metadata.system.sXMLSCHEMA
11:37:20.400 [main] TRACE - Reading unresolved handles for type system org.apache.xmlbeans.metadata.system.sXMLLANG
11:37:20.400 [main] TRACE - Finished loading type system org.apache.xmlbeans.metadata.system.sXMLLANG
11:37:20.405 [main] TRACE - Reading unresolved handles for type system org.apache.xmlbeans.metadata.system.sXMLCONFIG
11:37:20.405 [main] TRACE - Finished loading type system org.apache.xmlbeans.metadata.system.sXMLCONFIG
11:37:20.405 [main] TRACE - Reading unresolved handles for type system org.apache.poi.schemas.ooxml.system.ooxml
11:37:20.555 [main] TRACE - Finished loading type system org.apache.poi.schemas.ooxml.system.ooxml
11:37:20.555 [main] TRACE - Resolving type for handle themefd26doctype
11:37:20.743 [main] TRACE - Resolving type for handle stylesheet5d8bdoctype
11:37:20.770 [main] TRACE - Resolving type for handle ctstylesheet4257type
11:37:20.786 [main] TRACE - Resolving type for handle ctfonts6623type
11:37:20.786 [main] TRACE - Resolving type for handle ctfont14d8type
11:37:20.801 [main] TRACE - Resolving type for handle ctfills2c6ftype
11:37:20.823 [main] TRACE - Resolving type for handle ctfill550ctype
11:37:20.827 [main] TRACE - Resolving type for handle ctborders0d66type
11:37:20.833 [main] TRACE - Resolving type for handle ctborderf935type
11:37:20.845 [main] TRACE - Resolving type for handle ctcellxfs1322type
11:37:20.853 [main] TRACE - Resolving type for handle ctxf97f7type
11:37:20.853 [main] TRACE - Resolving type for handle ctcellstylexfsa81ftype
11:37:20.870 [main] TRACE - Resolving type for handle ctdxfsb26atype
11:37:20.885 [main] TRACE - Resolving type for handle cttablestyles872ftype
11:37:20.897 [main] TRACE - Resolving type for handle sstf81fdoctype
11:37:20.911 [main] TRACE - Resolving type for handle ctsst44f3type
11:37:20.936 [main] TRACE - Resolving type for handle ctrsta472type
11:37:20.996 [main] DEBUG - using default POIXMLDocumentPart for http://schemas.openxmlformats.org/officeDocument/2006/relationships/printerSettings
11:37:21.001 [main] TRACE - Resolving type for handle workbookec17doctype
11:37:21.016 [main] TRACE - Resolving type for handle ctworkbook83c3type
11:37:21.023 [main] TRACE - Resolving type for handle ctsheets49fdtype
11:37:21.034 [main] TRACE - Resolving type for handle ctsheet4dbetype
11:37:21.042 [main] TRACE - Resolving type for handle strelationshipid1e94type
11:37:21.050 [main] TRACE - Resolving type for handle worksheetf539doctype
11:37:21.057 [main] TRACE - Resolving type for handle ctworksheet530dtype
11:37:21.088 [main] TRACE - Resolving type for handle ctsheetdata8408type
11:37:21.094 [main] TRACE - Resolving type for handle ctrowdd39type
11:37:21.108 [main] TRACE - Resolving type for handle ctcell842btype
11:37:21.129 [main] TRACE - Resolving type for handle stcellrefe4e0type
11:37:21.151 [main] TRACE - Resolving type for handle ctcols627ctype
11:37:21.161 [main] TRACE - Resolving type for handle ctcola95ftype
11:37:21.210 [main] TRACE - Resolving type for handle cthyperlinks6416type
11:37:21.213 [main] TRACE - Resolving type for handle cthyperlink0c85type
11:37:21.238 [main] TRACE - Resolving type for handle stxstringf179type
11:37:21.244 [main] TRACE - Resolving type for handle stcelltypebf95type
11:37:39.004 [main] INFO  - Goto my account-->Click on Login.. 
11:37:39.789 [main] DEBUG - Parsing relationship: /xl/_rels/workbook.xml.rels
11:37:39.792 [main] DEBUG - Parsing relationship: /xl/worksheets/_rels/sheet1.xml.rels
11:37:39.797 [main] DEBUG - Parsing relationship: /_rels/.rels
11:37:39.850 [main] DEBUG - using default POIXMLDocumentPart for http://schemas.openxmlformats.org/officeDocument/2006/relationships/printerSettings
11:37:47.546 [main] INFO  - Goto my account-->Click on Login.. 
11:37:49.142 [main] DEBUG - Parsing relationship: /xl/_rels/workbook.xml.rels
11:37:49.145 [main] DEBUG - Parsing relationship: /xl/worksheets/_rels/sheet1.xml.rels
11:37:49.148 [main] DEBUG - Parsing relationship: /_rels/.rels
11:37:49.181 [main] DEBUG - using default POIXMLDocumentPart for http://schemas.openxmlformats.org/officeDocument/2006/relationships/printerSettings
11:43:30.008 [main] INFO  - Goto my account-->Click on Login.. 
11:43:31.120 [main] DEBUG - Parsing relationship: /xl/_rels/workbook.xml.rels
11:43:31.127 [main] DEBUG - Parsing relationship: /xl/worksheets/_rels/sheet1.xml.rels
11:43:31.127 [main] DEBUG - Parsing relationship: /_rels/.rels
11:43:31.619 [main] TRACE - Loading type system org.apache.poi.schemas.ooxml.system.ooxml
11:43:31.635 [main] TRACE - Loading type system org.apache.xmlbeans.metadata.system.sXMLCONFIG
11:43:31.635 [main] TRACE - Loading type system org.apache.xmlbeans.metadata.system.sXMLLANG
11:43:31.635 [main] TRACE - Loading type system org.apache.xmlbeans.metadata.system.sXMLSCHEMA
11:43:31.635 [main] TRACE - Loading type system org.apache.xmlbeans.metadata.system.sXMLTOOLS
11:43:31.635 [main] TRACE - Reading unresolved handles for type system org.apache.xmlbeans.metadata.system.sXMLTOOLS
11:43:31.680 [main] TRACE - Finished loading type system org.apache.xmlbeans.metadata.system.sXMLTOOLS
11:43:31.683 [main] TRACE - Reading unresolved handles for type system org.apache.xmlbeans.metadata.system.sXMLSCHEMA
11:43:31.706 [main] TRACE - Finished loading type system org.apache.xmlbeans.metadata.system.sXMLSCHEMA
11:43:31.708 [main] TRACE - Reading unresolved handles for type system org.apache.xmlbeans.metadata.system.sXMLLANG
11:43:31.712 [main] TRACE - Finished loading type system org.apache.xmlbeans.metadata.system.sXMLLANG
11:43:31.714 [main] TRACE - Reading unresolved handles for type system org.apache.xmlbeans.metadata.system.sXMLCONFIG
11:43:31.714 [main] TRACE - Finished loading type system org.apache.xmlbeans.metadata.system.sXMLCONFIG
11:43:31.714 [main] TRACE - Reading unresolved handles for type system org.apache.poi.schemas.ooxml.system.ooxml
11:43:31.841 [main] TRACE - Finished loading type system org.apache.poi.schemas.ooxml.system.ooxml
11:43:31.841 [main] TRACE - Resolving type for handle themefd26doctype
11:43:32.031 [main] TRACE - Resolving type for handle stylesheet5d8bdoctype
11:43:32.046 [main] TRACE - Resolving type for handle ctstylesheet4257type
11:43:32.063 [main] TRACE - Resolving type for handle ctfonts6623type
11:43:32.067 [main] TRACE - Resolving type for handle ctfont14d8type
11:43:32.079 [main] TRACE - Resolving type for handle ctfills2c6ftype
11:43:32.094 [main] TRACE - Resolving type for handle ctfill550ctype
11:43:32.094 [main] TRACE - Resolving type for handle ctborders0d66type
11:43:32.094 [main] TRACE - Resolving type for handle ctborderf935type
11:43:32.110 [main] TRACE - Resolving type for handle ctcellxfs1322type
11:43:32.118 [main] TRACE - Resolving type for handle ctxf97f7type
11:43:32.120 [main] TRACE - Resolving type for handle ctcellstylexfsa81ftype
11:43:32.126 [main] TRACE - Resolving type for handle ctdxfsb26atype
11:43:32.126 [main] TRACE - Resolving type for handle cttablestyles872ftype
11:43:32.142 [main] TRACE - Resolving type for handle sstf81fdoctype
11:43:32.142 [main] TRACE - Resolving type for handle ctsst44f3type
11:43:32.174 [main] TRACE - Resolving type for handle ctrsta472type
11:43:32.221 [main] DEBUG - using default POIXMLDocumentPart for http://schemas.openxmlformats.org/officeDocument/2006/relationships/printerSettings
11:43:32.221 [main] TRACE - Resolving type for handle workbookec17doctype
11:43:32.243 [main] TRACE - Resolving type for handle ctworkbook83c3type
11:43:32.253 [main] TRACE - Resolving type for handle ctsheets49fdtype
11:43:32.253 [main] TRACE - Resolving type for handle ctsheet4dbetype
11:43:32.269 [main] TRACE - Resolving type for handle strelationshipid1e94type
11:43:32.273 [main] TRACE - Resolving type for handle worksheetf539doctype
11:43:32.292 [main] TRACE - Resolving type for handle ctworksheet530dtype
11:43:32.302 [main] TRACE - Resolving type for handle ctsheetdata8408type
11:43:32.318 [main] TRACE - Resolving type for handle ctrowdd39type
11:43:32.320 [main] TRACE - Resolving type for handle ctcell842btype
11:43:32.348 [main] TRACE - Resolving type for handle stcellrefe4e0type
11:43:32.364 [main] TRACE - Resolving type for handle ctcols627ctype
11:43:32.364 [main] TRACE - Resolving type for handle ctcola95ftype
11:43:32.411 [main] TRACE - Resolving type for handle cthyperlinks6416type
11:43:32.411 [main] TRACE - Resolving type for handle cthyperlink0c85type
11:43:32.427 [main] TRACE - Resolving type for handle stxstringf179type
11:43:32.443 [main] TRACE - Resolving type for handle stcelltypebf95type
11:43:49.669 [main] INFO  - Goto my account-->Click on Login.. 
11:43:51.328 [main] DEBUG - Parsing relationship: /xl/_rels/workbook.xml.rels
11:43:51.333 [main] DEBUG - Parsing relationship: /xl/worksheets/_rels/sheet1.xml.rels
11:43:51.337 [main] DEBUG - Parsing relationship: /_rels/.rels
11:43:51.374 [main] DEBUG - using default POIXMLDocumentPart for http://schemas.openxmlformats.org/officeDocument/2006/relationships/printerSettings
11:43:59.717 [main] INFO  - Goto my account-->Click on Login.. 
11:44:01.470 [main] DEBUG - Parsing relationship: /xl/_rels/workbook.xml.rels
11:44:01.472 [main] DEBUG - Parsing relationship: /xl/worksheets/_rels/sheet1.xml.rels
11:44:01.474 [main] DEBUG - Parsing relationship: /_rels/.rels
11:44:01.505 [main] DEBUG - using default POIXMLDocumentPart for http://schemas.openxmlformats.org/officeDocument/2006/relationships/printerSettings
11:48:21.686 [main] INFO  - Goto my account-->Click on Login.. 
11:48:21.842 [main] INFO  - Goto my account-->Click on Login.. 
11:48:21.881 [main] INFO  - Goto my account-->Click on Login.. 
11:52:52.769 [main] INFO  - Goto my account-->Click on Login.. 
11:52:53.854 [main] DEBUG - Parsing relationship: /xl/_rels/workbook.xml.rels
11:52:53.860 [main] DEBUG - Parsing relationship: /xl/worksheets/_rels/sheet1.xml.rels
11:52:53.867 [main] DEBUG - Parsing relationship: /_rels/.rels
11:52:54.268 [main] TRACE - Loading type system org.apache.poi.schemas.ooxml.system.ooxml
11:52:54.275 [main] TRACE - Loading type system org.apache.xmlbeans.metadata.system.sXMLCONFIG
11:52:54.278 [main] TRACE - Loading type system org.apache.xmlbeans.metadata.system.sXMLLANG
11:52:54.279 [main] TRACE - Loading type system org.apache.xmlbeans.metadata.system.sXMLSCHEMA
11:52:54.282 [main] TRACE - Loading type system org.apache.xmlbeans.metadata.system.sXMLTOOLS
11:52:54.285 [main] TRACE - Reading unresolved handles for type system org.apache.xmlbeans.metadata.system.sXMLTOOLS
11:52:54.314 [main] TRACE - Finished loading type system org.apache.xmlbeans.metadata.system.sXMLTOOLS
11:52:54.316 [main] TRACE - Reading unresolved handles for type system org.apache.xmlbeans.metadata.system.sXMLSCHEMA
11:52:54.328 [main] TRACE - Finished loading type system org.apache.xmlbeans.metadata.system.sXMLSCHEMA
11:52:54.330 [main] TRACE - Reading unresolved handles for type system org.apache.xmlbeans.metadata.system.sXMLLANG
11:52:54.332 [main] TRACE - Finished loading type system org.apache.xmlbeans.metadata.system.sXMLLANG
11:52:54.333 [main] TRACE - Reading unresolved handles for type system org.apache.xmlbeans.metadata.system.sXMLCONFIG
11:52:54.336 [main] TRACE - Finished loading type system org.apache.xmlbeans.metadata.system.sXMLCONFIG
11:52:54.337 [main] TRACE - Reading unresolved handles for type system org.apache.poi.schemas.ooxml.system.ooxml
11:52:54.473 [main] TRACE - Finished loading type system org.apache.poi.schemas.ooxml.system.ooxml
11:52:54.475 [main] TRACE - Resolving type for handle themefd26doctype
11:52:54.635 [main] TRACE - Resolving type for handle stylesheet5d8bdoctype
11:52:54.650 [main] TRACE - Resolving type for handle ctstylesheet4257type
11:52:54.662 [main] TRACE - Resolving type for handle ctfonts6623type
11:52:54.674 [main] TRACE - Resolving type for handle ctfont14d8type
11:52:54.691 [main] TRACE - Resolving type for handle ctfills2c6ftype
11:52:54.695 [main] TRACE - Resolving type for handle ctfill550ctype
11:52:54.700 [main] TRACE - Resolving type for handle ctborders0d66type
11:52:54.705 [main] TRACE - Resolving type for handle ctborderf935type
11:52:54.712 [main] TRACE - Resolving type for handle ctcellxfs1322type
11:52:54.719 [main] TRACE - Resolving type for handle ctxf97f7type
11:52:54.727 [main] TRACE - Resolving type for handle ctcellstylexfsa81ftype
11:52:54.731 [main] TRACE - Resolving type for handle ctdxfsb26atype
11:52:54.738 [main] TRACE - Resolving type for handle cttablestyles872ftype
11:52:54.746 [main] TRACE - Resolving type for handle sstf81fdoctype
11:52:54.759 [main] TRACE - Resolving type for handle ctsst44f3type
11:52:54.778 [main] TRACE - Resolving type for handle ctrsta472type
11:52:54.818 [main] DEBUG - using default POIXMLDocumentPart for http://schemas.openxmlformats.org/officeDocument/2006/relationships/printerSettings
11:52:54.820 [main] TRACE - Resolving type for handle workbookec17doctype
11:52:54.830 [main] TRACE - Resolving type for handle ctworkbook83c3type
11:52:54.841 [main] TRACE - Resolving type for handle ctsheets49fdtype
11:52:54.847 [main] TRACE - Resolving type for handle ctsheet4dbetype
11:52:54.852 [main] TRACE - Resolving type for handle strelationshipid1e94type
11:52:54.858 [main] TRACE - Resolving type for handle worksheetf539doctype
11:52:54.873 [main] TRACE - Resolving type for handle ctworksheet530dtype
11:52:54.890 [main] TRACE - Resolving type for handle ctsheetdata8408type
11:52:54.894 [main] TRACE - Resolving type for handle ctrowdd39type
11:52:54.905 [main] TRACE - Resolving type for handle ctcell842btype
11:52:54.919 [main] TRACE - Resolving type for handle stcellrefe4e0type
11:52:54.938 [main] TRACE - Resolving type for handle ctcols627ctype
11:52:54.950 [main] TRACE - Resolving type for handle ctcola95ftype
11:52:54.988 [main] TRACE - Resolving type for handle cthyperlinks6416type
11:52:54.996 [main] TRACE - Resolving type for handle cthyperlink0c85type
11:52:55.009 [main] TRACE - Resolving type for handle stxstringf179type
11:52:55.013 [main] TRACE - Resolving type for handle stcelltypebf95type
11:53:12.954 [main] INFO  - Goto my account-->Click on Login.. 
11:53:14.827 [main] DEBUG - Parsing relationship: /xl/_rels/workbook.xml.rels
11:53:14.832 [main] DEBUG - Parsing relationship: /xl/worksheets/_rels/sheet1.xml.rels
11:53:14.835 [main] DEBUG - Parsing relationship: /_rels/.rels
11:53:14.876 [main] DEBUG - using default POIXMLDocumentPart for http://schemas.openxmlformats.org/officeDocument/2006/relationships/printerSettings
11:53:22.425 [main] INFO  - Goto my account-->Click on Login.. 
11:53:24.215 [main] DEBUG - Parsing relationship: /xl/_rels/workbook.xml.rels
11:53:24.219 [main] DEBUG - Parsing relationship: /xl/worksheets/_rels/sheet1.xml.rels
11:53:24.224 [main] DEBUG - Parsing relationship: /_rels/.rels
11:53:24.255 [main] DEBUG - using default POIXMLDocumentPart for http://schemas.openxmlformats.org/officeDocument/2006/relationships/printerSettings
11:57:14.790 [main] INFO  - Goto my account-->Click on Login.. 
11:57:15.144 [main] DEBUG - Parsing relationship: /xl/_rels/workbook.xml.rels
11:57:15.146 [main] DEBUG - Parsing relationship: /xl/worksheets/_rels/sheet1.xml.rels
11:57:15.147 [main] DEBUG - Parsing relationship: /_rels/.rels
11:57:15.248 [main] TRACE - Loading type system org.apache.poi.schemas.ooxml.system.ooxml
11:57:15.250 [main] TRACE - Loading type system org.apache.xmlbeans.metadata.system.sXMLCONFIG
11:57:15.251 [main] TRACE - Loading type system org.apache.xmlbeans.metadata.system.sXMLLANG
11:57:15.251 [main] TRACE - Loading type system org.apache.xmlbeans.metadata.system.sXMLSCHEMA
11:57:15.252 [main] TRACE - Loading type system org.apache.xmlbeans.metadata.system.sXMLTOOLS
11:57:15.252 [main] TRACE - Reading unresolved handles for type system org.apache.xmlbeans.metadata.system.sXMLTOOLS
11:57:15.258 [main] TRACE - Finished loading type system org.apache.xmlbeans.metadata.system.sXMLTOOLS
11:57:15.259 [main] TRACE - Reading unresolved handles for type system org.apache.xmlbeans.metadata.system.sXMLSCHEMA
11:57:15.261 [main] TRACE - Finished loading type system org.apache.xmlbeans.metadata.system.sXMLSCHEMA
11:57:15.262 [main] TRACE - Reading unresolved handles for type system org.apache.xmlbeans.metadata.system.sXMLLANG
11:57:15.262 [main] TRACE - Finished loading type system org.apache.xmlbeans.metadata.system.sXMLLANG
11:57:15.263 [main] TRACE - Reading unresolved handles for type system org.apache.xmlbeans.metadata.system.sXMLCONFIG
11:57:15.263 [main] TRACE - Finished loading type system org.apache.xmlbeans.metadata.system.sXMLCONFIG
11:57:15.264 [main] TRACE - Reading unresolved handles for type system org.apache.poi.schemas.ooxml.system.ooxml
11:57:15.292 [main] TRACE - Finished loading type system org.apache.poi.schemas.ooxml.system.ooxml
11:57:15.293 [main] TRACE - Resolving type for handle themefd26doctype
11:57:15.329 [main] TRACE - Resolving type for handle stylesheet5d8bdoctype
11:57:15.334 [main] TRACE - Resolving type for handle ctstylesheet4257type
11:57:15.336 [main] TRACE - Resolving type for handle ctfonts6623type
11:57:15.338 [main] TRACE - Resolving type for handle ctfont14d8type
11:57:15.341 [main] TRACE - Resolving type for handle ctfills2c6ftype
11:57:15.342 [main] TRACE - Resolving type for handle ctfill550ctype
11:57:15.343 [main] TRACE - Resolving type for handle ctborders0d66type
11:57:15.344 [main] TRACE - Resolving type for handle ctborderf935type
11:57:15.346 [main] TRACE - Resolving type for handle ctcellxfs1322type
11:57:15.347 [main] TRACE - Resolving type for handle ctxf97f7type
11:57:15.349 [main] TRACE - Resolving type for handle ctcellstylexfsa81ftype
11:57:15.349 [main] TRACE - Resolving type for handle ctdxfsb26atype
11:57:15.350 [main] TRACE - Resolving type for handle cttablestyles872ftype
11:57:15.352 [main] TRACE - Resolving type for handle sstf81fdoctype
11:57:15.354 [main] TRACE - Resolving type for handle ctsst44f3type
11:57:15.359 [main] TRACE - Resolving type for handle ctrsta472type
11:57:15.368 [main] DEBUG - using default POIXMLDocumentPart for http://schemas.openxmlformats.org/officeDocument/2006/relationships/printerSettings
11:57:15.369 [main] TRACE - Resolving type for handle workbookec17doctype
11:57:15.372 [main] TRACE - Resolving type for handle ctworkbook83c3type
11:57:15.375 [main] TRACE - Resolving type for handle ctsheets49fdtype
11:57:15.376 [main] TRACE - Resolving type for handle ctsheet4dbetype
11:57:15.377 [main] TRACE - Resolving type for handle strelationshipid1e94type
11:57:15.378 [main] TRACE - Resolving type for handle worksheetf539doctype
11:57:15.382 [main] TRACE - Resolving type for handle ctworksheet530dtype
11:57:15.385 [main] TRACE - Resolving type for handle ctsheetdata8408type
11:57:15.386 [main] TRACE - Resolving type for handle ctrowdd39type
11:57:15.390 [main] TRACE - Resolving type for handle ctcell842btype
11:57:15.393 [main] TRACE - Resolving type for handle stcellrefe4e0type
11:57:15.397 [main] TRACE - Resolving type for handle ctcols627ctype
11:57:15.399 [main] TRACE - Resolving type for handle ctcola95ftype
11:57:15.407 [main] TRACE - Resolving type for handle cthyperlinks6416type
11:57:15.408 [main] TRACE - Resolving type for handle cthyperlink0c85type
11:57:15.412 [main] TRACE - Resolving type for handle stxstringf179type
11:57:15.413 [main] TRACE - Resolving type for handle stcelltypebf95type
11:57:27.679 [main] INFO  - Goto my account-->Click on Login.. 
11:57:27.950 [main] DEBUG - Parsing relationship: /xl/_rels/workbook.xml.rels
11:57:27.951 [main] DEBUG - Parsing relationship: /xl/worksheets/_rels/sheet1.xml.rels
11:57:27.953 [main] DEBUG - Parsing relationship: /_rels/.rels
11:57:27.964 [main] DEBUG - using default POIXMLDocumentPart for http://schemas.openxmlformats.org/officeDocument/2006/relationships/printerSettings
11:57:31.549 [main] INFO  - Goto my account-->Click on Login.. 
11:57:31.877 [main] DEBUG - Parsing relationship: /xl/_rels/workbook.xml.rels
11:57:31.877 [main] DEBUG - Parsing relationship: /xl/worksheets/_rels/sheet1.xml.rels
11:57:31.878 [main] DEBUG - Parsing relationship: /_rels/.rels
11:57:31.884 [main] DEBUG - using default POIXMLDocumentPart for http://schemas.openxmlformats.org/officeDocument/2006/relationships/printerSettings
11:58:45.565 [main] INFO  - Goto my account-->Click on Login.. 
11:58:45.953 [main] DEBUG - Parsing relationship: /xl/_rels/workbook.xml.rels
11:58:45.955 [main] DEBUG - Parsing relationship: /xl/worksheets/_rels/sheet1.xml.rels
11:58:45.956 [main] DEBUG - Parsing relationship: /_rels/.rels
11:58:46.055 [main] TRACE - Loading type system org.apache.poi.schemas.ooxml.system.ooxml
11:58:46.057 [main] TRACE - Loading type system org.apache.xmlbeans.metadata.system.sXMLCONFIG
11:58:46.058 [main] TRACE - Loading type system org.apache.xmlbeans.metadata.system.sXMLLANG
11:58:46.058 [main] TRACE - Loading type system org.apache.xmlbeans.metadata.system.sXMLSCHEMA
11:58:46.058 [main] TRACE - Loading type system org.apache.xmlbeans.metadata.system.sXMLTOOLS
11:58:46.059 [main] TRACE - Reading unresolved handles for type system org.apache.xmlbeans.metadata.system.sXMLTOOLS
11:58:46.067 [main] TRACE - Finished loading type system org.apache.xmlbeans.metadata.system.sXMLTOOLS
11:58:46.067 [main] TRACE - Reading unresolved handles for type system org.apache.xmlbeans.metadata.system.sXMLSCHEMA
11:58:46.070 [main] TRACE - Finished loading type system org.apache.xmlbeans.metadata.system.sXMLSCHEMA
11:58:46.070 [main] TRACE - Reading unresolved handles for type system org.apache.xmlbeans.metadata.system.sXMLLANG
11:58:46.071 [main] TRACE - Finished loading type system org.apache.xmlbeans.metadata.system.sXMLLANG
11:58:46.071 [main] TRACE - Reading unresolved handles for type system org.apache.xmlbeans.metadata.system.sXMLCONFIG
11:58:46.071 [main] TRACE - Finished loading type system org.apache.xmlbeans.metadata.system.sXMLCONFIG
11:58:46.072 [main] TRACE - Reading unresolved handles for type system org.apache.poi.schemas.ooxml.system.ooxml
11:58:46.100 [main] TRACE - Finished loading type system org.apache.poi.schemas.ooxml.system.ooxml
11:58:46.101 [main] TRACE - Resolving type for handle themefd26doctype
11:58:46.129 [main] TRACE - Resolving type for handle stylesheet5d8bdoctype
11:58:46.133 [main] TRACE - Resolving type for handle ctstylesheet4257type
11:58:46.137 [main] TRACE - Resolving type for handle ctfonts6623type
11:58:46.139 [main] TRACE - Resolving type for handle ctfont14d8type
11:58:46.141 [main] TRACE - Resolving type for handle ctfills2c6ftype
11:58:46.143 [main] TRACE - Resolving type for handle ctfill550ctype
11:58:46.144 [main] TRACE - Resolving type for handle ctborders0d66type
11:58:46.145 [main] TRACE - Resolving type for handle ctborderf935type
11:58:46.147 [main] TRACE - Resolving type for handle ctcellxfs1322type
11:58:46.148 [main] TRACE - Resolving type for handle ctxf97f7type
11:58:46.149 [main] TRACE - Resolving type for handle ctcellstylexfsa81ftype
11:58:46.150 [main] TRACE - Resolving type for handle ctdxfsb26atype
11:58:46.151 [main] TRACE - Resolving type for handle cttablestyles872ftype
11:58:46.153 [main] TRACE - Resolving type for handle sstf81fdoctype
11:58:46.156 [main] TRACE - Resolving type for handle ctsst44f3type
11:58:46.163 [main] TRACE - Resolving type for handle ctrsta472type
11:58:46.173 [main] DEBUG - using default POIXMLDocumentPart for http://schemas.openxmlformats.org/officeDocument/2006/relationships/printerSettings
11:58:46.174 [main] TRACE - Resolving type for handle workbookec17doctype
11:58:46.177 [main] TRACE - Resolving type for handle ctworkbook83c3type
11:58:46.179 [main] TRACE - Resolving type for handle ctsheets49fdtype
11:58:46.181 [main] TRACE - Resolving type for handle ctsheet4dbetype
11:58:46.181 [main] TRACE - Resolving type for handle strelationshipid1e94type
11:58:46.183 [main] TRACE - Resolving type for handle worksheetf539doctype
11:58:46.186 [main] TRACE - Resolving type for handle ctworksheet530dtype
11:58:46.191 [main] TRACE - Resolving type for handle ctsheetdata8408type
11:58:46.192 [main] TRACE - Resolving type for handle ctrowdd39type
11:58:46.194 [main] TRACE - Resolving type for handle ctcell842btype
11:58:46.197 [main] TRACE - Resolving type for handle stcellrefe4e0type
11:58:46.202 [main] TRACE - Resolving type for handle ctcols627ctype
11:58:46.204 [main] TRACE - Resolving type for handle ctcola95ftype
11:58:46.213 [main] TRACE - Resolving type for handle cthyperlinks6416type
11:58:46.214 [main] TRACE - Resolving type for handle cthyperlink0c85type
11:58:46.217 [main] TRACE - Resolving type for handle stxstringf179type
11:58:46.218 [main] TRACE - Resolving type for handle stcelltypebf95type
11:58:58.468 [main] INFO  - Goto my account-->Click on Login.. 
11:58:59.003 [main] DEBUG - Parsing relationship: /xl/_rels/workbook.xml.rels
11:58:59.005 [main] DEBUG - Parsing relationship: /xl/worksheets/_rels/sheet1.xml.rels
11:58:59.006 [main] DEBUG - Parsing relationship: /_rels/.rels
11:58:59.021 [main] DEBUG - using default POIXMLDocumentPart for http://schemas.openxmlformats.org/officeDocument/2006/relationships/printerSettings
11:59:01.922 [main] INFO  - Goto my account-->Click on Login.. 
11:59:02.371 [main] DEBUG - Parsing relationship: /xl/_rels/workbook.xml.rels
11:59:02.372 [main] DEBUG - Parsing relationship: /xl/worksheets/_rels/sheet1.xml.rels
11:59:02.373 [main] DEBUG - Parsing relationship: /_rels/.rels
11:59:02.383 [main] DEBUG - using default POIXMLDocumentPart for http://schemas.openxmlformats.org/officeDocument/2006/relationships/printerSettings
12:03:16.401 [main] INFO  - Goto my account-->Click on Login.. 
12:03:16.734 [main] DEBUG - Parsing relationship: /xl/_rels/workbook.xml.rels
12:03:16.736 [main] DEBUG - Parsing relationship: /xl/worksheets/_rels/sheet1.xml.rels
12:03:16.738 [main] DEBUG - Parsing relationship: /_rels/.rels
12:03:16.832 [main] TRACE - Loading type system org.apache.poi.schemas.ooxml.system.ooxml
12:03:16.834 [main] TRACE - Loading type system org.apache.xmlbeans.metadata.system.sXMLCONFIG
12:03:16.834 [main] TRACE - Loading type system org.apache.xmlbeans.metadata.system.sXMLLANG
12:03:16.834 [main] TRACE - Loading type system org.apache.xmlbeans.metadata.system.sXMLSCHEMA
12:03:16.835 [main] TRACE - Loading type system org.apache.xmlbeans.metadata.system.sXMLTOOLS
12:03:16.835 [main] TRACE - Reading unresolved handles for type system org.apache.xmlbeans.metadata.system.sXMLTOOLS
12:03:16.843 [main] TRACE - Finished loading type system org.apache.xmlbeans.metadata.system.sXMLTOOLS
12:03:16.844 [main] TRACE - Reading unresolved handles for type system org.apache.xmlbeans.metadata.system.sXMLSCHEMA
12:03:16.847 [main] TRACE - Finished loading type system org.apache.xmlbeans.metadata.system.sXMLSCHEMA
12:03:16.848 [main] TRACE - Reading unresolved handles for type system org.apache.xmlbeans.metadata.system.sXMLLANG
12:03:16.848 [main] TRACE - Finished loading type system org.apache.xmlbeans.metadata.system.sXMLLANG
12:03:16.849 [main] TRACE - Reading unresolved handles for type system org.apache.xmlbeans.metadata.system.sXMLCONFIG
12:03:16.849 [main] TRACE - Finished loading type system org.apache.xmlbeans.metadata.system.sXMLCONFIG
12:03:16.850 [main] TRACE - Reading unresolved handles for type system org.apache.poi.schemas.ooxml.system.ooxml
12:03:16.881 [main] TRACE - Finished loading type system org.apache.poi.schemas.ooxml.system.ooxml
12:03:16.882 [main] TRACE - Resolving type for handle themefd26doctype
12:03:16.917 [main] TRACE - Resolving type for handle stylesheet5d8bdoctype
12:03:16.921 [main] TRACE - Resolving type for handle ctstylesheet4257type
12:03:16.924 [main] TRACE - Resolving type for handle ctfonts6623type
12:03:16.926 [main] TRACE - Resolving type for handle ctfont14d8type
12:03:16.929 [main] TRACE - Resolving type for handle ctfills2c6ftype
12:03:16.930 [main] TRACE - Resolving type for handle ctfill550ctype
12:03:16.931 [main] TRACE - Resolving type for handle ctborders0d66type
12:03:16.932 [main] TRACE - Resolving type for handle ctborderf935type
12:03:16.933 [main] TRACE - Resolving type for handle ctcellxfs1322type
12:03:16.934 [main] TRACE - Resolving type for handle ctxf97f7type
12:03:16.935 [main] TRACE - Resolving type for handle ctcellstylexfsa81ftype
12:03:16.937 [main] TRACE - Resolving type for handle ctdxfsb26atype
12:03:16.938 [main] TRACE - Resolving type for handle cttablestyles872ftype
12:03:16.940 [main] TRACE - Resolving type for handle sstf81fdoctype
12:03:16.944 [main] TRACE - Resolving type for handle ctsst44f3type
12:03:16.947 [main] TRACE - Resolving type for handle ctrsta472type
12:03:16.956 [main] DEBUG - using default POIXMLDocumentPart for http://schemas.openxmlformats.org/officeDocument/2006/relationships/printerSettings
12:03:16.956 [main] TRACE - Resolving type for handle workbookec17doctype
12:03:16.960 [main] TRACE - Resolving type for handle ctworkbook83c3type
12:03:16.963 [main] TRACE - Resolving type for handle ctsheets49fdtype
12:03:16.964 [main] TRACE - Resolving type for handle ctsheet4dbetype
12:03:16.964 [main] TRACE - Resolving type for handle strelationshipid1e94type
12:03:16.965 [main] TRACE - Resolving type for handle worksheetf539doctype
12:03:16.969 [main] TRACE - Resolving type for handle ctworksheet530dtype
12:03:16.973 [main] TRACE - Resolving type for handle ctsheetdata8408type
12:03:16.974 [main] TRACE - Resolving type for handle ctrowdd39type
12:03:16.976 [main] TRACE - Resolving type for handle ctcell842btype
12:03:16.980 [main] TRACE - Resolving type for handle stcellrefe4e0type
12:03:16.983 [main] TRACE - Resolving type for handle ctcols627ctype
12:03:16.986 [main] TRACE - Resolving type for handle ctcola95ftype
12:03:16.994 [main] TRACE - Resolving type for handle cthyperlinks6416type
12:03:16.995 [main] TRACE - Resolving type for handle cthyperlink0c85type
12:03:16.998 [main] TRACE - Resolving type for handle stxstringf179type
12:03:16.999 [main] TRACE - Resolving type for handle stcelltypebf95type
12:03:29.907 [main] INFO  - Goto my account-->Click on Login.. 
12:03:30.260 [main] DEBUG - Parsing relationship: /xl/_rels/workbook.xml.rels
12:03:30.261 [main] DEBUG - Parsing relationship: /xl/worksheets/_rels/sheet1.xml.rels
12:03:30.263 [main] DEBUG - Parsing relationship: /_rels/.rels
12:03:30.273 [main] DEBUG - using default POIXMLDocumentPart for http://schemas.openxmlformats.org/officeDocument/2006/relationships/printerSettings
12:03:33.354 [main] INFO  - Goto my account-->Click on Login.. 
12:03:33.684 [main] DEBUG - Parsing relationship: /xl/_rels/workbook.xml.rels
12:03:33.685 [main] DEBUG - Parsing relationship: /xl/worksheets/_rels/sheet1.xml.rels
12:03:33.687 [main] DEBUG - Parsing relationship: /_rels/.rels
12:03:33.696 [main] DEBUG - using default POIXMLDocumentPart for http://schemas.openxmlformats.org/officeDocument/2006/relationships/printerSettings
12:03:36.665 [main] INFO  - Goto my account-->Click on Login.. 
12:03:37.192 [main] DEBUG - Parsing relationship: /xl/_rels/workbook.xml.rels
12:03:37.194 [main] DEBUG - Parsing relationship: /xl/worksheets/_rels/sheet1.xml.rels
12:03:37.195 [main] DEBUG - Parsing relationship: /_rels/.rels
12:03:37.208 [main] DEBUG - using default POIXMLDocumentPart for http://schemas.openxmlformats.org/officeDocument/2006/relationships/printerSettings
12:03:49.762 [main] INFO  - Goto my account-->Click on Login.. 
12:03:50.116 [main] DEBUG - Parsing relationship: /xl/_rels/workbook.xml.rels
12:03:50.119 [main] DEBUG - Parsing relationship: /xl/worksheets/_rels/sheet1.xml.rels
12:03:50.120 [main] DEBUG - Parsing relationship: /_rels/.rels
12:03:50.129 [main] DEBUG - using default POIXMLDocumentPart for http://schemas.openxmlformats.org/officeDocument/2006/relationships/printerSettings
12:04:56.382 [main] INFO  - Goto my account-->Click on Login.. 
12:04:56.761 [main] DEBUG - Parsing relationship: /xl/_rels/workbook.xml.rels
12:04:56.762 [main] DEBUG - Parsing relationship: /xl/worksheets/_rels/sheet1.xml.rels
12:04:56.764 [main] DEBUG - Parsing relationship: /_rels/.rels
12:04:56.892 [main] TRACE - Loading type system org.apache.poi.schemas.ooxml.system.ooxml
12:04:56.894 [main] TRACE - Loading type system org.apache.xmlbeans.metadata.system.sXMLCONFIG
12:04:56.895 [main] TRACE - Loading type system org.apache.xmlbeans.metadata.system.sXMLLANG
12:04:56.895 [main] TRACE - Loading type system org.apache.xmlbeans.metadata.system.sXMLSCHEMA
12:04:56.895 [main] TRACE - Loading type system org.apache.xmlbeans.metadata.system.sXMLTOOLS
12:04:56.896 [main] TRACE - Reading unresolved handles for type system org.apache.xmlbeans.metadata.system.sXMLTOOLS
12:04:56.904 [main] TRACE - Finished loading type system org.apache.xmlbeans.metadata.system.sXMLTOOLS
12:04:56.904 [main] TRACE - Reading unresolved handles for type system org.apache.xmlbeans.metadata.system.sXMLSCHEMA
12:04:56.907 [main] TRACE - Finished loading type system org.apache.xmlbeans.metadata.system.sXMLSCHEMA
12:04:56.908 [main] TRACE - Reading unresolved handles for type system org.apache.xmlbeans.metadata.system.sXMLLANG
12:04:56.908 [main] TRACE - Finished loading type system org.apache.xmlbeans.metadata.system.sXMLLANG
12:04:56.909 [main] TRACE - Reading unresolved handles for type system org.apache.xmlbeans.metadata.system.sXMLCONFIG
12:04:56.909 [main] TRACE - Finished loading type system org.apache.xmlbeans.metadata.system.sXMLCONFIG
12:04:56.910 [main] TRACE - Reading unresolved handles for type system org.apache.poi.schemas.ooxml.system.ooxml
12:04:56.941 [main] TRACE - Finished loading type system org.apache.poi.schemas.ooxml.system.ooxml
12:04:56.943 [main] TRACE - Resolving type for handle themefd26doctype
12:04:56.986 [main] TRACE - Resolving type for handle stylesheet5d8bdoctype
12:04:56.990 [main] TRACE - Resolving type for handle ctstylesheet4257type
12:04:56.995 [main] TRACE - Resolving type for handle ctfonts6623type
12:04:56.998 [main] TRACE - Resolving type for handle ctfont14d8type
12:04:57.002 [main] TRACE - Resolving type for handle ctfills2c6ftype
12:04:57.003 [main] TRACE - Resolving type for handle ctfill550ctype
12:04:57.005 [main] TRACE - Resolving type for handle ctborders0d66type
12:04:57.008 [main] TRACE - Resolving type for handle ctborderf935type
12:04:57.010 [main] TRACE - Resolving type for handle ctcellxfs1322type
12:04:57.012 [main] TRACE - Resolving type for handle ctxf97f7type
12:04:57.014 [main] TRACE - Resolving type for handle ctcellstylexfsa81ftype
12:04:57.016 [main] TRACE - Resolving type for handle ctdxfsb26atype
12:04:57.017 [main] TRACE - Resolving type for handle cttablestyles872ftype
12:04:57.022 [main] TRACE - Resolving type for handle sstf81fdoctype
12:04:57.027 [main] TRACE - Resolving type for handle ctsst44f3type
12:04:57.033 [main] TRACE - Resolving type for handle ctrsta472type
12:04:57.046 [main] DEBUG - using default POIXMLDocumentPart for http://schemas.openxmlformats.org/officeDocument/2006/relationships/printerSettings
12:04:57.047 [main] TRACE - Resolving type for handle workbookec17doctype
12:04:57.050 [main] TRACE - Resolving type for handle ctworkbook83c3type
12:04:57.054 [main] TRACE - Resolving type for handle ctsheets49fdtype
12:04:57.057 [main] TRACE - Resolving type for handle ctsheet4dbetype
12:04:57.058 [main] TRACE - Resolving type for handle strelationshipid1e94type
12:04:57.060 [main] TRACE - Resolving type for handle worksheetf539doctype
12:04:57.063 [main] TRACE - Resolving type for handle ctworksheet530dtype
12:04:57.067 [main] TRACE - Resolving type for handle ctsheetdata8408type
12:04:57.069 [main] TRACE - Resolving type for handle ctrowdd39type
12:04:57.072 [main] TRACE - Resolving type for handle ctcell842btype
12:04:57.078 [main] TRACE - Resolving type for handle stcellrefe4e0type
12:04:57.082 [main] TRACE - Resolving type for handle ctcols627ctype
12:04:57.086 [main] TRACE - Resolving type for handle ctcola95ftype
12:04:57.098 [main] TRACE - Resolving type for handle cthyperlinks6416type
12:04:57.099 [main] TRACE - Resolving type for handle cthyperlink0c85type
12:04:57.104 [main] TRACE - Resolving type for handle stxstringf179type
12:04:57.106 [main] TRACE - Resolving type for handle stcelltypebf95type
12:05:11.308 [main] INFO  - Goto my account-->Click on Login.. 
12:05:11.590 [main] DEBUG - Parsing relationship: /xl/_rels/workbook.xml.rels
12:05:11.591 [main] DEBUG - Parsing relationship: /xl/worksheets/_rels/sheet1.xml.rels
12:05:11.592 [main] DEBUG - Parsing relationship: /_rels/.rels
12:05:11.603 [main] DEBUG - using default POIXMLDocumentPart for http://schemas.openxmlformats.org/officeDocument/2006/relationships/printerSettings
12:05:16.327 [main] INFO  - Goto my account-->Click on Login.. 
12:05:17.028 [main] DEBUG - Parsing relationship: /xl/_rels/workbook.xml.rels
12:05:17.029 [main] DEBUG - Parsing relationship: /xl/worksheets/_rels/sheet1.xml.rels
12:05:17.031 [main] DEBUG - Parsing relationship: /_rels/.rels
12:05:17.040 [main] DEBUG - using default POIXMLDocumentPart for http://schemas.openxmlformats.org/officeDocument/2006/relationships/printerSettings
12:05:21.719 [main] INFO  - Goto my account-->Click on Login.. 
12:05:22.060 [main] DEBUG - Parsing relationship: /xl/_rels/workbook.xml.rels
12:05:22.063 [main] DEBUG - Parsing relationship: /xl/worksheets/_rels/sheet1.xml.rels
12:05:22.065 [main] DEBUG - Parsing relationship: /_rels/.rels
12:05:22.072 [main] DEBUG - using default POIXMLDocumentPart for http://schemas.openxmlformats.org/officeDocument/2006/relationships/printerSettings
12:05:36.400 [main] INFO  - Goto my account-->Click on Login.. 
12:05:36.755 [main] DEBUG - Parsing relationship: /xl/_rels/workbook.xml.rels
12:05:36.756 [main] DEBUG - Parsing relationship: /xl/worksheets/_rels/sheet1.xml.rels
12:05:36.757 [main] DEBUG - Parsing relationship: /_rels/.rels
12:05:36.763 [main] DEBUG - using default POIXMLDocumentPart for http://schemas.openxmlformats.org/officeDocument/2006/relationships/printerSettings
12:07:36.524 [main] INFO  - Goto my account-->Click on Login.. 
12:07:36.872 [main] DEBUG - Parsing relationship: /xl/_rels/workbook.xml.rels
12:07:36.873 [main] DEBUG - Parsing relationship: /xl/worksheets/_rels/sheet1.xml.rels
12:07:36.876 [main] DEBUG - Parsing relationship: /_rels/.rels
12:07:36.969 [main] TRACE - Loading type system org.apache.poi.schemas.ooxml.system.ooxml
12:07:36.971 [main] TRACE - Loading type system org.apache.xmlbeans.metadata.system.sXMLCONFIG
